<?xml version="1.0" encoding="UTF-8"?>
<testng-results ignored="0" total="1" passed="1" failed="0" skipped="0">
  <reporter-output>
  </reporter-output>
  <suite started-at="2024-10-31T12:19:14 IST" name="Default suite" finished-at="2024-10-31T12:20:08 IST" duration-ms="53815">
    <groups>
    </groups>
    <test started-at="2024-10-31T12:19:14 IST" name="Default test" finished-at="2024-10-31T12:20:08 IST" duration-ms="53815">
      <class name="amazontestpkg.Amazontest">
        <test-method is-config="true" signature="setup()[pri:0, instance:amazontestpkg.Amazontest@76a4ebf2]" started-at="2024-10-31T12:19:14 IST" name="setup" finished-at="2024-10-31T12:19:18 IST" duration-ms="3640" status="PASS">
          <reporter-output>
          </reporter-output>
        </test-method> <!-- setup -->
        <test-method signature="elementdisplay()[pri:0, instance:amazontestpkg.Amazontest@76a4ebf2]" started-at="2024-10-31T12:19:18 IST" name="elementdisplay" finished-at="2024-10-31T12:20:08 IST" duration-ms="50122" status="PASS">
          <reporter-output>
          </reporter-output>
        </test-method> <!-- elementdisplay -->
      </class> <!-- amazontestpkg.Amazontest -->
    </test> <!-- Default test -->
  </suite> <!-- Default suite -->
</testng-results>
